<?xml version="1.0" encoding="UTF-8"?>
<!-- Generated by org.testng.reporters.JUnitReportReporter -->
<testsuite skipped="0" hostname="ITL10G4WT2" name="InspiredTesting.gui.tests.Test_GeeWiz" tests="1" failures="0" timestamp="2020-02-27T12:04:52 CAT" time="45.277" errors="0">
  <testcase name="TestGeeWiz" time="45.277" classname="InspiredTesting.gui.tests.Test_GeeWiz"/>
</testsuite> <!-- InspiredTesting.gui.tests.Test_GeeWiz -->
